-------------------------------------------------------------------------------
Test set: com.sheryians.major.MajorApplicationTests
-------------------------------------------------------------------------------
Tests run: 1, Failures: 0, Errors: 1, Skipped: 0, Time elapsed: 0.257 s <<< FAILURE! - in com.sheryians.major.MajorApplicationTests
com.sheryians.major.MajorApplicationTests  Time elapsed: 0.257 s  <<< ERROR!
java.lang.IllegalStateException: Unable to find a @SpringBootConfiguration, you need to use @ContextConfiguration or @SpringBootTest(classes=...) with your test

