<?xml version="1.0" encoding="UTF-8"?>
<testsuite xmlns:xsi="http://www.w3.org/2001/XMLSchema-instance" xsi:noNamespaceSchemaLocation="https://maven.apache.org/surefire/maven-surefire-plugin/xsd/surefire-test-report.xsd" name="com.sheryians.major.MajorApplicationTests" time="0.257" tests="1" errors="1" skipped="0" failures="0">
  <properties>
[...]
</properties>
  <testcase name="com.sheryians.major.MajorApplicationTests" classname="com.sheryians.major.MajorApplicationTests" time="0.257">
    <error message="Unable to find a @SpringBootConfiguration, you need to use @ContextConfiguration or @SpringBootTest(classes=...) with your test" type="java.lang.IllegalStateException">java.lang.IllegalStateException: Unable to find a @SpringBootConfiguration, you need to use @ContextConfiguration or @SpringBootTest(classes=...) with your test
</error>
    <system-out><![CDATA[19:29:08.603 [main] DEBUG org.springframework.test.context.BootstrapUtils - Instantiating CacheAwareContextLoaderDelegate from class [org.springframework.test.context.cache.DefaultCacheAwareContextLoaderDelegate]
19:29:08.620 [main] DEBUG org.springframework.test.context.BootstrapUtils - Instantiating BootstrapContext using constructor [public org.springframework.test.context.support.DefaultBootstrapContext(java.lang.Class,org.springframework.test.context.CacheAwareContextLoaderDelegate)]
19:29:08.650 [main] DEBUG org.springframework.test.context.BootstrapUtils - Instantiating TestContextBootstrapper for test class [com.sheryians.major.MajorApplicationTests] from class [org.springframework.boot.test.context.SpringBootTestContextBootstrapper]
19:29:08.661 [main] INFO org.springframework.boot.test.context.SpringBootTestContextBootstrapper - Neither @ContextConfiguration nor @ContextHierarchy found for test class [com.sheryians.major.MajorApplicationTests], using SpringBootContextLoader
19:29:08.661 [main] DEBUG org.springframework.test.context.support.AbstractContextLoader - Did not detect default resource location for test class [com.sheryians.major.MajorApplicationTests]: class path resource [com/sheryians/major/MajorApplicationTests-context.xml] does not exist
19:29:08.661 [main] DEBUG org.springframework.test.context.support.AbstractContextLoader - Did not detect default resource location for test class [com.sheryians.major.MajorApplicationTests]: class path resource [com/sheryians/major/MajorApplicationTestsContext.groovy] does not exist
19:29:08.661 [main] INFO org.springframework.test.context.support.AbstractContextLoader - Could not detect default resource locations for test class [com.sheryians.major.MajorApplicationTests]: no resource found for suffixes {-context.xml, Context.groovy}.
19:29:08.661 [main] INFO org.springframework.test.context.support.AnnotationConfigContextLoaderUtils - Could not detect default configuration classes for test class [com.sheryians.major.MajorApplicationTests]: MajorApplicationTests does not declare any static, non-private, non-final, nested classes annotated with @Configuration.
19:29:08.697 [main] DEBUG org.springframework.test.context.support.ActiveProfilesUtils - Could not find an 'annotation declaring class' for annotation type [org.springframework.test.context.ActiveProfiles] and class [com.sheryians.major.MajorApplicationTests]
19:29:08.747 [main] DEBUG org.springframework.test.context.BootstrapUtils - Instantiating CacheAwareContextLoaderDelegate from class [org.springframework.test.context.cache.DefaultCacheAwareContextLoaderDelegate]
19:29:08.747 [main] DEBUG org.springframework.test.context.BootstrapUtils - Instantiating BootstrapContext using constructor [public org.springframework.test.context.support.DefaultBootstrapContext(java.lang.Class,org.springframework.test.context.CacheAwareContextLoaderDelegate)]
19:29:08.747 [main] DEBUG org.springframework.test.context.BootstrapUtils - Instantiating TestContextBootstrapper for test class [com.sheryians.major.MajorApplicationTests] from class [org.springframework.boot.test.context.SpringBootTestContextBootstrapper]
19:29:08.747 [main] INFO org.springframework.boot.test.context.SpringBootTestContextBootstrapper - Neither @ContextConfiguration nor @ContextHierarchy found for test class [com.sheryians.major.MajorApplicationTests], using SpringBootContextLoader
19:29:08.757 [main] DEBUG org.springframework.test.context.support.AbstractContextLoader - Did not detect default resource location for test class [com.sheryians.major.MajorApplicationTests]: class path resource [com/sheryians/major/MajorApplicationTests-context.xml] does not exist
19:29:08.757 [main] DEBUG org.springframework.test.context.support.AbstractContextLoader - Did not detect default resource location for test class [com.sheryians.major.MajorApplicationTests]: class path resource [com/sheryians/major/MajorApplicationTestsContext.groovy] does not exist
19:29:08.757 [main] INFO org.springframework.test.context.support.AbstractContextLoader - Could not detect default resource locations for test class [com.sheryians.major.MajorApplicationTests]: no resource found for suffixes {-context.xml, Context.groovy}.
19:29:08.757 [main] INFO org.springframework.test.context.support.AnnotationConfigContextLoaderUtils - Could not detect default configuration classes for test class [com.sheryians.major.MajorApplicationTests]: MajorApplicationTests does not declare any static, non-private, non-final, nested classes annotated with @Configuration.
19:29:08.759 [main] DEBUG org.springframework.test.context.support.ActiveProfilesUtils - Could not find an 'annotation declaring class' for annotation type [org.springframework.test.context.ActiveProfiles] and class [com.sheryians.major.MajorApplicationTests]
19:29:08.768 [main] DEBUG org.springframework.test.context.BootstrapUtils - Instantiating CacheAwareContextLoaderDelegate from class [org.springframework.test.context.cache.DefaultCacheAwareContextLoaderDelegate]
19:29:08.768 [main] DEBUG org.springframework.test.context.BootstrapUtils - Instantiating BootstrapContext using constructor [public org.springframework.test.context.support.DefaultBootstrapContext(java.lang.Class,org.springframework.test.context.CacheAwareContextLoaderDelegate)]
19:29:08.768 [main] DEBUG org.springframework.test.context.BootstrapUtils - Instantiating TestContextBootstrapper for test class [com.sheryians.major.MajorApplicationTests] from class [org.springframework.boot.test.context.SpringBootTestContextBootstrapper]
19:29:08.768 [main] INFO org.springframework.boot.test.context.SpringBootTestContextBootstrapper - Neither @ContextConfiguration nor @ContextHierarchy found for test class [com.sheryians.major.MajorApplicationTests], using SpringBootContextLoader
19:29:08.768 [main] DEBUG org.springframework.test.context.support.AbstractContextLoader - Did not detect default resource location for test class [com.sheryians.major.MajorApplicationTests]: class path resource [com/sheryians/major/MajorApplicationTests-context.xml] does not exist
19:29:08.768 [main] DEBUG org.springframework.test.context.support.AbstractContextLoader - Did not detect default resource location for test class [com.sheryians.major.MajorApplicationTests]: class path resource [com/sheryians/major/MajorApplicationTestsContext.groovy] does not exist
19:29:08.768 [main] INFO org.springframework.test.context.support.AbstractContextLoader - Could not detect default resource locations for test class [com.sheryians.major.MajorApplicationTests]: no resource found for suffixes {-context.xml, Context.groovy}.
19:29:08.768 [main] INFO org.springframework.test.context.support.AnnotationConfigContextLoaderUtils - Could not detect default configuration classes for test class [com.sheryians.major.MajorApplicationTests]: MajorApplicationTests does not declare any static, non-private, non-final, nested classes annotated with @Configuration.
19:29:08.777 [main] DEBUG org.springframework.test.context.support.ActiveProfilesUtils - Could not find an 'annotation declaring class' for annotation type [org.springframework.test.context.ActiveProfiles] and class [com.sheryians.major.MajorApplicationTests]
]]></system-out>
  </testcase>
</testsuite>